info it worked if it ends with ok
verbose cli [ 'node', '/usr/bin/npm', 'install', 'sqlite' ]
info using npm@1.1.4
info using node@v0.6.12
verbose config file /home/nathan/.npmrc
verbose config file /usr/etc/npmrc
verbose config file /usr/share/npm/npmrc
verbose caching /home/nathan/node_modules/htmlparser/package.json
verbose caching /home/nathan/node_modules/request/package.json
verbose caching /home/nathan/node_modules/connect/package.json
verbose caching /home/nathan/node_modules/jquery/package.json
verbose caching /home/nathan/node_modules/jsdom/package.json
verbose loadDefaults jsdom@0.2.15
verbose cache add [ 'sqlite', null ]
silly cache add: name, spec, args [ undefined, 'sqlite', [ 'sqlite', null ] ]
verbose parsed url { pathname: 'sqlite', path: 'sqlite', href: 'sqlite' }
verbose addNamed [ 'sqlite', '' ]
verbose addNamed [ null, '' ]
silly name, range, hasData [ 'sqlite', '', false ]
verbose raw, before any munging sqlite
verbose url resolving [ 'https://registry.npmjs.org/', './sqlite' ]
verbose url resolved https://registry.npmjs.org/sqlite
http GET https://registry.npmjs.org/sqlite
http 200 https://registry.npmjs.org/sqlite
silly get cb [ 200,
silly get cb   { vary: 'Accept',
silly get cb     server: 'CouchDB/1.2.0 (Erlang OTP/R15B)',
silly get cb     etag: '"5ACJSVBS4BFFZJFSPS30R9CTY"',
silly get cb     date: 'Thu, 06 Sep 2012 03:00:11 GMT',
silly get cb     'content-type': 'application/json',
silly get cb     'content-length': '3201' } ]
verbose mkdir (expected) error ENOENT, no such file or directory '/home/nathan/.npm/sqlite'
verbose mkdir done: /home/nathan/.npm/sqlite 755
silly name, range, hasData 2 [ 'sqlite', '', true ]
silly versions [ 'sqlite', [ '1.0.2', '1.0.3', '1.0.4' ] ]
verbose bin dist [ '0.6-ares1.7.5-evundefined-openssl1.0.1-v83.7.12.22-linux-x64-3.2.0-23-generic',
verbose bin dist   { shasum: '046d07908f37ec306723b4d347e6e1a8f4cce98e',
verbose bin dist     tarball: 'http://registry.npmjs.org/sqlite/-/sqlite-1.0.4.tgz' } ]
verbose addRemoteTarball [ 'https://registry.npmjs.org/sqlite/-/sqlite-1.0.4.tgz',
verbose addRemoteTarball   '046d07908f37ec306723b4d347e6e1a8f4cce98e' ]
verbose mkdir (expected) error ENOENT, no such file or directory '/tmp/npm-1346997717206'
verbose mkdir (expected) error ENOENT, no such file or directory '/tmp/npm-1346997717206/1346997717206-0.7681044328492135'
verbose mkdir done: /tmp/npm-1346997717206/1346997717206-0.7681044328492135 755
verbose fetch to /tmp/npm-1346997717206/1346997717206-0.7681044328492135/tmp.tgz
http GET https://registry.npmjs.org/sqlite/-/sqlite-1.0.4.tgz
http 200 https://registry.npmjs.org/sqlite/-/sqlite-1.0.4.tgz
silly updated sha bytes 40960
silly updated sha bytes 40960
silly updated sha bytes 40960
silly updated sha bytes 40960
silly updated sha bytes 40960
silly updated sha bytes 40960
silly updated sha bytes 40960
silly updated sha bytes 40960
silly updated sha bytes 40960
silly updated sha bytes 40960
silly updated sha bytes 40960
silly updated sha bytes 40960
silly updated sha bytes 40960
silly updated sha bytes 40960
silly updated sha bytes 40960
silly updated sha bytes 40960
silly updated sha bytes 40960
silly updated sha bytes 40960
silly updated sha bytes 40960
silly updated sha bytes 40960
silly updated sha bytes 40960
silly updated sha bytes 40960
silly updated sha bytes 40960
silly updated sha bytes 40960
silly updated sha bytes 40960
silly updated sha bytes 40960
silly updated sha bytes 40960
silly updated sha bytes 40960
silly updated sha bytes 40960
silly updated sha bytes 40960
silly updated sha bytes 40960
silly updated sha bytes 13009
info shasum 046d07908f37ec306723b4d347e6e1a8f4cce98e
info shasum /tmp/npm-1346997717206/1346997717206-0.7681044328492135/tmp.tgz
verbose mkdir (expected) error ENOENT, no such file or directory '/tmp/npm-1346997717206/1346997717206-0.7681044328492135/___package.npm'
verbose mkdir done: /tmp/npm-1346997717206/1346997717206-0.7681044328492135/___package.npm 755
verbose unpack_ uid, gid [ undefined, undefined ]
verbose unpackTarget /tmp/npm-1346997717206/1346997717206-0.7681044328492135/package
silly gunzTarPerm modes [ '755', '644' ]
silly afterUntar ok
silly asyncMap in gTP /tmp/npm-1346997717206/1346997717206-0.7681044328492135/___package.npm/package
silly asyncMap in gTP /tmp/npm-1346997717206/1346997717206-0.7681044328492135/___package.npm/package/package.json
silly asyncMap in gTP /tmp/npm-1346997717206/1346997717206-0.7681044328492135/___package.npm/package/sqlite.js
silly asyncMap in gTP /tmp/npm-1346997717206/1346997717206-0.7681044328492135/___package.npm/package/README.md
silly asyncMap in gTP /tmp/npm-1346997717206/1346997717206-0.7681044328492135/___package.npm/package/.gitignore
silly asyncMap in gTP /tmp/npm-1346997717206/1346997717206-0.7681044328492135/___package.npm/package/build.sh
silly asyncMap in gTP /tmp/npm-1346997717206/1346997717206-0.7681044328492135/___package.npm/package/run-tests
silly asyncMap in gTP /tmp/npm-1346997717206/1346997717206-0.7681044328492135/___package.npm/package/sqlite3_bindings.node
silly asyncMap in gTP /tmp/npm-1346997717206/1346997717206-0.7681044328492135/___package.npm/package/.gitmodules
silly asyncMap in gTP /tmp/npm-1346997717206/1346997717206-0.7681044328492135/___package.npm/package/wscript
silly asyncMap in gTP /tmp/npm-1346997717206/1346997717206-0.7681044328492135/___package.npm/package/src
silly asyncMap in gTP /tmp/npm-1346997717206/1346997717206-0.7681044328492135/___package.npm/package/src/statement.h
silly asyncMap in gTP /tmp/npm-1346997717206/1346997717206-0.7681044328492135/___package.npm/package/src/database.h
silly asyncMap in gTP /tmp/npm-1346997717206/1346997717206-0.7681044328492135/___package.npm/package/src/database.cc
silly asyncMap in gTP /tmp/npm-1346997717206/1346997717206-0.7681044328492135/___package.npm/package/src/sqlite3_bindings.h
silly asyncMap in gTP /tmp/npm-1346997717206/1346997717206-0.7681044328492135/___package.npm/package/src/statement.cc
silly asyncMap in gTP /tmp/npm-1346997717206/1346997717206-0.7681044328492135/___package.npm/package/src/sqlite3_bindings.cc
silly asyncMap in gTP /tmp/npm-1346997717206/1346997717206-0.7681044328492135/___package.npm/package/async-testing
silly asyncMap in gTP /tmp/npm-1346997717206/1346997717206-0.7681044328492135/___package.npm/package/async-testing/README.markdown
silly asyncMap in gTP /tmp/npm-1346997717206/1346997717206-0.7681044328492135/___package.npm/package/async-testing/async_testing.js
silly asyncMap in gTP /tmp/npm-1346997717206/1346997717206-0.7681044328492135/___package.npm/package/async-testing/AUTHORS
silly asyncMap in gTP /tmp/npm-1346997717206/1346997717206-0.7681044328492135/___package.npm/package/async-testing/LICENSE
silly asyncMap in gTP /tmp/npm-1346997717206/1346997717206-0.7681044328492135/___package.npm/package/async-testing/todo.txt
silly asyncMap in gTP /tmp/npm-1346997717206/1346997717206-0.7681044328492135/___package.npm/package/async-testing/node-async-test
silly asyncMap in gTP /tmp/npm-1346997717206/1346997717206-0.7681044328492135/___package.npm/package/async-testing/examples
silly asyncMap in gTP /tmp/npm-1346997717206/1346997717206-0.7681044328492135/___package.npm/package/async-testing/examples/test-suites.js
silly asyncMap in gTP /tmp/npm-1346997717206/1346997717206-0.7681044328492135/___package.npm/package/async-testing/examples/test-readme.js
silly asyncMap in gTP /tmp/npm-1346997717206/1346997717206-0.7681044328492135/___package.npm/package/deps
silly asyncMap in gTP /tmp/npm-1346997717206/1346997717206-0.7681044328492135/___package.npm/package/deps/sqlite
silly asyncMap in gTP /tmp/npm-1346997717206/1346997717206-0.7681044328492135/___package.npm/package/deps/sqlite/shell.c
silly asyncMap in gTP /tmp/npm-1346997717206/1346997717206-0.7681044328492135/___package.npm/package/deps/sqlite/._sqlite3ext.h
silly asyncMap in gTP /tmp/npm-1346997717206/1346997717206-0.7681044328492135/___package.npm/package/deps/sqlite/._shell.c
silly asyncMap in gTP /tmp/npm-1346997717206/1346997717206-0.7681044328492135/___package.npm/package/deps/sqlite/sqlite3.c
silly asyncMap in gTP /tmp/npm-1346997717206/1346997717206-0.7681044328492135/___package.npm/package/deps/sqlite/._sqlite3.c
silly asyncMap in gTP /tmp/npm-1346997717206/1346997717206-0.7681044328492135/___package.npm/package/deps/sqlite/sqlite3.h
silly asyncMap in gTP /tmp/npm-1346997717206/1346997717206-0.7681044328492135/___package.npm/package/deps/sqlite/sqlite3ext.h
silly asyncMap in gTP /tmp/npm-1346997717206/1346997717206-0.7681044328492135/___package.npm/package/deps/sqlite/._sqlite3.h
silly asyncMap in gTP /tmp/npm-1346997717206/1346997717206-0.7681044328492135/___package.npm/package/deps/mpool-2.1.0
silly asyncMap in gTP /tmp/npm-1346997717206/1346997717206-0.7681044328492135/___package.npm/package/deps/mpool-2.1.0/mpool.c
silly asyncMap in gTP /tmp/npm-1346997717206/1346997717206-0.7681044328492135/___package.npm/package/deps/mpool-2.1.0/mpool_t.c
silly asyncMap in gTP /tmp/npm-1346997717206/1346997717206-0.7681044328492135/___package.npm/package/deps/mpool-2.1.0/Makefile
silly asyncMap in gTP /tmp/npm-1346997717206/1346997717206-0.7681044328492135/___package.npm/package/deps/mpool-2.1.0/README
silly asyncMap in gTP /tmp/npm-1346997717206/1346997717206-0.7681044328492135/___package.npm/package/deps/mpool-2.1.0/mpool.h
silly asyncMap in gTP /tmp/npm-1346997717206/1346997717206-0.7681044328492135/___package.npm/package/deps/mpool-2.1.0/mpool_loc.h
silly asyncMap in gTP /tmp/npm-1346997717206/1346997717206-0.7681044328492135/___package.npm/package/deps/mpool-2.1.0/NEWS
silly asyncMap in gTP /tmp/npm-1346997717206/1346997717206-0.7681044328492135/___package.npm/package/deps/mpool-2.1.0/ChangeLog.1
silly asyncMap in gTP /tmp/npm-1346997717206/1346997717206-0.7681044328492135/___package.npm/package/tests
silly asyncMap in gTP /tmp/npm-1346997717206/1346997717206-0.7681044328492135/___package.npm/package/tests/test-last-inserted-id.js
silly asyncMap in gTP /tmp/npm-1346997717206/1346997717206-0.7681044328492135/___package.npm/package/tests/test-statement-step.js
silly asyncMap in gTP /tmp/npm-1346997717206/1346997717206-0.7681044328492135/___package.npm/package/tests/test-statement-fetchall.js
silly asyncMap in gTP /tmp/npm-1346997717206/1346997717206-0.7681044328492135/___package.npm/package/tests/test-prepare.js
silly asyncMap in gTP /tmp/npm-1346997717206/1346997717206-0.7681044328492135/___package.npm/package/tests/test-bind-placeholders.js
silly asyncMap in gTP /tmp/npm-1346997717206/1346997717206-0.7681044328492135/___package.npm/package/tests/test-bind-strings.js
silly asyncMap in gTP /tmp/npm-1346997717206/1346997717206-0.7681044328492135/___package.npm/package/tests/test-affected-rows.js
silly asyncMap in gTP /tmp/npm-1346997717206/1346997717206-0.7681044328492135/___package.npm/package/tests/old
silly asyncMap in gTP /tmp/npm-1346997717206/1346997717206-0.7681044328492135/___package.npm/package/tests/old/speedtest2.js
silly asyncMap in gTP /tmp/npm-1346997717206/1346997717206-0.7681044328492135/___package.npm/package/tests/old/speedtest-low-parallel-binds.js
silly asyncMap in gTP /tmp/npm-1346997717206/1346997717206-0.7681044328492135/___package.npm/package/tests/old/speedtest.js
silly asyncMap in gTP /tmp/npm-1346997717206/1346997717206-0.7681044328492135/___package.npm/package/tests/old/speedtest-low-parallel.js
silly asyncMap in gTP /tmp/npm-1346997717206/1346997717206-0.7681044328492135/___package.npm/package/tests/old/speedtest.rb
silly asyncMap in gTP /tmp/npm-1346997717206/1346997717206-0.7681044328492135/___package.npm/package/tests/old/test2.js
silly asyncMap in gTP /tmp/npm-1346997717206/1346997717206-0.7681044328492135/___package.npm/package/tests/old/speedtest2.rb
silly asyncMap in gTP /tmp/npm-1346997717206/1346997717206-0.7681044328492135/___package.npm/package/tests/old/speedtest-low.js
silly asyncMap in gTP /tmp/npm-1346997717206/1346997717206-0.7681044328492135/___package.npm/package/tests/lib
silly asyncMap in gTP /tmp/npm-1346997717206/1346997717206-0.7681044328492135/___package.npm/package/tests/lib/common.js
verbose gunzed /tmp/npm-1346997717206/1346997717206-0.7681044328492135/___package.npm/package
verbose rm'ed /tmp/npm-1346997717206/1346997717206-0.7681044328492135/package
verbose renamed [ '/tmp/npm-1346997717206/1346997717206-0.7681044328492135/___package.npm/package',
verbose renamed   '/tmp/npm-1346997717206/1346997717206-0.7681044328492135/package' ]
verbose has wscript [ undefined,
verbose has wscript   { file: '/tmp/npm-1346997717206/1346997717206-0.7681044328492135/package/package.json',
verbose has wscript     contributors: false,
verbose has wscript     serverjs: false,
verbose has wscript     wscript: true } ]
verbose caching /tmp/npm-1346997717206/1346997717206-0.7681044328492135/package/package.json
verbose loadDefaults sqlite@1.0.4
verbose tarball contents [ 'package', 'tmp.tgz' ]
verbose from cache /tmp/npm-1346997717206/1346997717206-0.7681044328492135/package/package.json
verbose pack /tmp/npm-1346997717206/1346997717206-0.7681044328492135/package
verbose pack /tmp/npm-1346997717206/1346997717206-0.7681044328492135/package /home/nathan/.npm/sqlite/1.0.4/package.tgz
silly makeList /tmp/npm-1346997717206/1346997717206-0.7681044328492135/package
silly dir, dirLen [ '/tmp/npm-1346997717206/1346997717206-0.7681044328492135/package',
silly dir, dirLen   64 ]
verbose tarball /home/nathan/.npm/sqlite/1.0.4/package.tgz
verbose parent /tmp/npm-1346997717206/1346997717206-0.7681044328492135/package
verbose mkdir (expected) error ENOENT, no such file or directory '/home/nathan/.npm/sqlite/1.0.4/___package.npm'
verbose mkdir done: /home/nathan/.npm/sqlite/1.0.4/___package.npm 755
verbose unpack_ uid, gid [ undefined, undefined ]
verbose unpackTarget /home/nathan/.npm/sqlite/1.0.4/package
silly gunzTarPerm modes [ '755', '644' ]
silly afterUntar ok
silly asyncMap in gTP /home/nathan/.npm/sqlite/1.0.4/___package.npm/package
silly asyncMap in gTP /home/nathan/.npm/sqlite/1.0.4/___package.npm/package/package.json
silly asyncMap in gTP /home/nathan/.npm/sqlite/1.0.4/___package.npm/package/sqlite.js
silly asyncMap in gTP /home/nathan/.npm/sqlite/1.0.4/___package.npm/package/README.md
silly asyncMap in gTP /home/nathan/.npm/sqlite/1.0.4/___package.npm/package/build.sh
silly asyncMap in gTP /home/nathan/.npm/sqlite/1.0.4/___package.npm/package/run-tests
silly asyncMap in gTP /home/nathan/.npm/sqlite/1.0.4/___package.npm/package/.gitmodules
silly asyncMap in gTP /home/nathan/.npm/sqlite/1.0.4/___package.npm/package/.npmignore
silly asyncMap in gTP /home/nathan/.npm/sqlite/1.0.4/___package.npm/package/wscript
silly asyncMap in gTP /home/nathan/.npm/sqlite/1.0.4/___package.npm/package/src
silly asyncMap in gTP /home/nathan/.npm/sqlite/1.0.4/___package.npm/package/src/statement.h
silly asyncMap in gTP /home/nathan/.npm/sqlite/1.0.4/___package.npm/package/src/database.h
silly asyncMap in gTP /home/nathan/.npm/sqlite/1.0.4/___package.npm/package/src/database.cc
silly asyncMap in gTP /home/nathan/.npm/sqlite/1.0.4/___package.npm/package/src/sqlite3_bindings.h
silly asyncMap in gTP /home/nathan/.npm/sqlite/1.0.4/___package.npm/package/src/statement.cc
silly asyncMap in gTP /home/nathan/.npm/sqlite/1.0.4/___package.npm/package/src/sqlite3_bindings.cc
silly asyncMap in gTP /home/nathan/.npm/sqlite/1.0.4/___package.npm/package/deps
silly asyncMap in gTP /home/nathan/.npm/sqlite/1.0.4/___package.npm/package/deps/sqlite
silly asyncMap in gTP /home/nathan/.npm/sqlite/1.0.4/___package.npm/package/deps/sqlite/shell.c
silly asyncMap in gTP /home/nathan/.npm/sqlite/1.0.4/___package.npm/package/deps/sqlite/sqlite3.c
silly asyncMap in gTP /home/nathan/.npm/sqlite/1.0.4/___package.npm/package/deps/sqlite/sqlite3.h
silly asyncMap in gTP /home/nathan/.npm/sqlite/1.0.4/___package.npm/package/deps/sqlite/sqlite3ext.h
silly asyncMap in gTP /home/nathan/.npm/sqlite/1.0.4/___package.npm/package/deps/mpool-2.1.0
silly asyncMap in gTP /home/nathan/.npm/sqlite/1.0.4/___package.npm/package/deps/mpool-2.1.0/mpool.c
silly asyncMap in gTP /home/nathan/.npm/sqlite/1.0.4/___package.npm/package/deps/mpool-2.1.0/mpool_t.c
silly asyncMap in gTP /home/nathan/.npm/sqlite/1.0.4/___package.npm/package/deps/mpool-2.1.0/Makefile
silly asyncMap in gTP /home/nathan/.npm/sqlite/1.0.4/___package.npm/package/deps/mpool-2.1.0/README
silly asyncMap in gTP /home/nathan/.npm/sqlite/1.0.4/___package.npm/package/deps/mpool-2.1.0/mpool_loc.h
silly asyncMap in gTP /home/nathan/.npm/sqlite/1.0.4/___package.npm/package/deps/mpool-2.1.0/mpool.h
silly asyncMap in gTP /home/nathan/.npm/sqlite/1.0.4/___package.npm/package/deps/mpool-2.1.0/NEWS
silly asyncMap in gTP /home/nathan/.npm/sqlite/1.0.4/___package.npm/package/deps/mpool-2.1.0/ChangeLog.1
silly asyncMap in gTP /home/nathan/.npm/sqlite/1.0.4/___package.npm/package/async-testing
silly asyncMap in gTP /home/nathan/.npm/sqlite/1.0.4/___package.npm/package/async-testing/README.markdown
silly asyncMap in gTP /home/nathan/.npm/sqlite/1.0.4/___package.npm/package/async-testing/async_testing.js
silly asyncMap in gTP /home/nathan/.npm/sqlite/1.0.4/___package.npm/package/async-testing/AUTHORS
silly asyncMap in gTP /home/nathan/.npm/sqlite/1.0.4/___package.npm/package/async-testing/LICENSE
silly asyncMap in gTP /home/nathan/.npm/sqlite/1.0.4/___package.npm/package/async-testing/todo.txt
silly asyncMap in gTP /home/nathan/.npm/sqlite/1.0.4/___package.npm/package/async-testing/node-async-test
silly asyncMap in gTP /home/nathan/.npm/sqlite/1.0.4/___package.npm/package/async-testing/examples
silly asyncMap in gTP /home/nathan/.npm/sqlite/1.0.4/___package.npm/package/async-testing/examples/test-suites.js
silly asyncMap in gTP /home/nathan/.npm/sqlite/1.0.4/___package.npm/package/async-testing/examples/test-readme.js
silly asyncMap in gTP /home/nathan/.npm/sqlite/1.0.4/___package.npm/package/tests
silly asyncMap in gTP /home/nathan/.npm/sqlite/1.0.4/___package.npm/package/tests/test-last-inserted-id.js
silly asyncMap in gTP /home/nathan/.npm/sqlite/1.0.4/___package.npm/package/tests/test-statement-step.js
silly asyncMap in gTP /home/nathan/.npm/sqlite/1.0.4/___package.npm/package/tests/test-statement-fetchall.js
silly asyncMap in gTP /home/nathan/.npm/sqlite/1.0.4/___package.npm/package/tests/test-prepare.js
silly asyncMap in gTP /home/nathan/.npm/sqlite/1.0.4/___package.npm/package/tests/test-bind-placeholders.js
silly asyncMap in gTP /home/nathan/.npm/sqlite/1.0.4/___package.npm/package/tests/test-bind-strings.js
silly asyncMap in gTP /home/nathan/.npm/sqlite/1.0.4/___package.npm/package/tests/test-affected-rows.js
silly asyncMap in gTP /home/nathan/.npm/sqlite/1.0.4/___package.npm/package/tests/old
silly asyncMap in gTP /home/nathan/.npm/sqlite/1.0.4/___package.npm/package/tests/old/speedtest2.js
silly asyncMap in gTP /home/nathan/.npm/sqlite/1.0.4/___package.npm/package/tests/old/speedtest-low-parallel-binds.js
silly asyncMap in gTP /home/nathan/.npm/sqlite/1.0.4/___package.npm/package/tests/old/speedtest.js
silly asyncMap in gTP /home/nathan/.npm/sqlite/1.0.4/___package.npm/package/tests/old/speedtest-low-parallel.js
silly asyncMap in gTP /home/nathan/.npm/sqlite/1.0.4/___package.npm/package/tests/old/speedtest.rb
silly asyncMap in gTP /home/nathan/.npm/sqlite/1.0.4/___package.npm/package/tests/old/test2.js
silly asyncMap in gTP /home/nathan/.npm/sqlite/1.0.4/___package.npm/package/tests/old/speedtest2.rb
silly asyncMap in gTP /home/nathan/.npm/sqlite/1.0.4/___package.npm/package/tests/old/speedtest-low.js
silly asyncMap in gTP /home/nathan/.npm/sqlite/1.0.4/___package.npm/package/tests/lib
silly asyncMap in gTP /home/nathan/.npm/sqlite/1.0.4/___package.npm/package/tests/lib/common.js
verbose gunzed /home/nathan/.npm/sqlite/1.0.4/___package.npm/package
verbose rm'ed /home/nathan/.npm/sqlite/1.0.4/package
verbose renamed [ '/home/nathan/.npm/sqlite/1.0.4/___package.npm/package',
verbose renamed   '/home/nathan/.npm/sqlite/1.0.4/package' ]
verbose has wscript [ undefined,
verbose has wscript   { file: '/home/nathan/.npm/sqlite/1.0.4/package/package.json',
verbose has wscript     contributors: false,
verbose has wscript     serverjs: false,
verbose has wscript     wscript: true } ]
verbose caching /home/nathan/.npm/sqlite/1.0.4/package/package.json
verbose loadDefaults sqlite@1.0.4
silly updated sha bytes 40960
silly updated sha bytes 40960
silly updated sha bytes 40960
silly updated sha bytes 40960
silly updated sha bytes 40960
silly updated sha bytes 40960
silly updated sha bytes 40960
silly updated sha bytes 40960
silly updated sha bytes 40960
silly updated sha bytes 40960
silly updated sha bytes 40960
silly updated sha bytes 40960
silly updated sha bytes 40960
silly updated sha bytes 40960
silly updated sha bytes 40960
silly updated sha bytes 40960
silly updated sha bytes 40960
silly updated sha bytes 40960
silly updated sha bytes 40960
silly updated sha bytes 40960
silly updated sha bytes 40960
silly updated sha bytes 40960
silly updated sha bytes 40960
silly updated sha bytes 40960
silly updated sha bytes 40960
silly updated sha bytes 40960
silly updated sha bytes 40960
silly updated sha bytes 40960
silly updated sha bytes 40960
silly updated sha bytes 40960
silly updated sha bytes 40960
silly updated sha bytes 14310
info shasum 69d6a077dd225db688cf3814fcd7d2d57d278180
info shasum /home/nathan/.npm/sqlite/1.0.4/package.tgz
verbose from cache /home/nathan/.npm/sqlite/1.0.4/package/package.json
verbose chmod /home/nathan/.npm/sqlite/1.0.4/package.tgz 644
verbose chown [ '/home/nathan/.npm/sqlite/1.0.4/package.tgz', 1000, 1000 ]
silly resolved [ { name: 'sqlite',
silly resolved     description: 'SQLite3 bindings for Node',
silly resolved     version: '1.0.4',
silly resolved     homepage: 'http://github.com/orlandov/node-sqlite',
silly resolved     author: 
silly resolved      { name: 'Orlando Vazquez',
silly resolved        email: 'ovazquez@gmail.com',
silly resolved        url: 'http://2wycked.net' },
silly resolved     contributors: 
silly resolved      [ { name: 'Artem Kustikov' },
silly resolved        { name: 'Eric Fredricksen' },
silly resolved        { name: 'John Wright' },
silly resolved        { name: 'Ryan Dahl' } ],
silly resolved     repository: 
silly resolved      { type: 'git',
silly resolved        url: 'git://github.com/orlandov/node-sqlite.git' },
silly resolved     main: './sqlite',
silly resolved     engines: { node: '>=0.2.0' },
silly resolved     scripts: { test: './run-tests', preinstall: 'node-waf configure build' },
silly resolved     licenses: [ { type: 'BSD' } ],
silly resolved     _id: 'sqlite@1.0.4',
silly resolved     dependencies: {},
silly resolved     devDependencies: {},
silly resolved     optionalDependencies: {},
silly resolved     _engineSupported: true,
silly resolved     _npmVersion: '1.1.4',
silly resolved     _nodeVersion: 'v0.6.12',
silly resolved     _defaultsLoaded: true,
silly resolved     dist: { shasum: '69d6a077dd225db688cf3814fcd7d2d57d278180' },
silly resolved     _from: 'sqlite' } ]
info into /home/nathan sqlite@1.0.4
info installOne sqlite@1.0.4
verbose from cache /home/nathan/.npm/sqlite/1.0.4/package/package.json
info unbuild /home/nathan/node_modules/sqlite
verbose mkdir (expected) error ENOENT, no such file or directory '/home/nathan/node_modules/___sqlite.npm'
verbose mkdir done: /home/nathan/node_modules/___sqlite.npm 755
verbose unpack_ uid, gid [ undefined, undefined ]
verbose unpackTarget /home/nathan/node_modules/sqlite
silly gunzTarPerm modes [ '755', '644' ]
silly afterUntar ok
silly asyncMap in gTP /home/nathan/node_modules/___sqlite.npm/package
silly asyncMap in gTP /home/nathan/node_modules/___sqlite.npm/package/package.json
silly asyncMap in gTP /home/nathan/node_modules/___sqlite.npm/package/sqlite.js
silly asyncMap in gTP /home/nathan/node_modules/___sqlite.npm/package/README.md
silly asyncMap in gTP /home/nathan/node_modules/___sqlite.npm/package/build.sh
silly asyncMap in gTP /home/nathan/node_modules/___sqlite.npm/package/run-tests
silly asyncMap in gTP /home/nathan/node_modules/___sqlite.npm/package/.npmignore
silly asyncMap in gTP /home/nathan/node_modules/___sqlite.npm/package/.gitmodules
silly asyncMap in gTP /home/nathan/node_modules/___sqlite.npm/package/wscript
silly asyncMap in gTP /home/nathan/node_modules/___sqlite.npm/package/src
silly asyncMap in gTP /home/nathan/node_modules/___sqlite.npm/package/src/statement.h
silly asyncMap in gTP /home/nathan/node_modules/___sqlite.npm/package/src/database.h
silly asyncMap in gTP /home/nathan/node_modules/___sqlite.npm/package/src/database.cc
silly asyncMap in gTP /home/nathan/node_modules/___sqlite.npm/package/src/sqlite3_bindings.h
silly asyncMap in gTP /home/nathan/node_modules/___sqlite.npm/package/src/statement.cc
silly asyncMap in gTP /home/nathan/node_modules/___sqlite.npm/package/src/sqlite3_bindings.cc
silly asyncMap in gTP /home/nathan/node_modules/___sqlite.npm/package/async-testing
silly asyncMap in gTP /home/nathan/node_modules/___sqlite.npm/package/async-testing/README.markdown
silly asyncMap in gTP /home/nathan/node_modules/___sqlite.npm/package/async-testing/async_testing.js
silly asyncMap in gTP /home/nathan/node_modules/___sqlite.npm/package/async-testing/AUTHORS
silly asyncMap in gTP /home/nathan/node_modules/___sqlite.npm/package/async-testing/LICENSE
silly asyncMap in gTP /home/nathan/node_modules/___sqlite.npm/package/async-testing/todo.txt
silly asyncMap in gTP /home/nathan/node_modules/___sqlite.npm/package/async-testing/node-async-test
silly asyncMap in gTP /home/nathan/node_modules/___sqlite.npm/package/async-testing/examples
silly asyncMap in gTP /home/nathan/node_modules/___sqlite.npm/package/async-testing/examples/test-suites.js
silly asyncMap in gTP /home/nathan/node_modules/___sqlite.npm/package/async-testing/examples/test-readme.js
silly asyncMap in gTP /home/nathan/node_modules/___sqlite.npm/package/deps
silly asyncMap in gTP /home/nathan/node_modules/___sqlite.npm/package/deps/sqlite
silly asyncMap in gTP /home/nathan/node_modules/___sqlite.npm/package/deps/sqlite/shell.c
silly asyncMap in gTP /home/nathan/node_modules/___sqlite.npm/package/deps/sqlite/sqlite3.c
silly asyncMap in gTP /home/nathan/node_modules/___sqlite.npm/package/deps/sqlite/sqlite3.h
silly asyncMap in gTP /home/nathan/node_modules/___sqlite.npm/package/deps/sqlite/sqlite3ext.h
silly asyncMap in gTP /home/nathan/node_modules/___sqlite.npm/package/deps/mpool-2.1.0
silly asyncMap in gTP /home/nathan/node_modules/___sqlite.npm/package/deps/mpool-2.1.0/mpool.c
silly asyncMap in gTP /home/nathan/node_modules/___sqlite.npm/package/deps/mpool-2.1.0/mpool_t.c
silly asyncMap in gTP /home/nathan/node_modules/___sqlite.npm/package/deps/mpool-2.1.0/Makefile
silly asyncMap in gTP /home/nathan/node_modules/___sqlite.npm/package/deps/mpool-2.1.0/README
silly asyncMap in gTP /home/nathan/node_modules/___sqlite.npm/package/deps/mpool-2.1.0/mpool_loc.h
silly asyncMap in gTP /home/nathan/node_modules/___sqlite.npm/package/deps/mpool-2.1.0/mpool.h
silly asyncMap in gTP /home/nathan/node_modules/___sqlite.npm/package/deps/mpool-2.1.0/NEWS
silly asyncMap in gTP /home/nathan/node_modules/___sqlite.npm/package/deps/mpool-2.1.0/ChangeLog.1
silly asyncMap in gTP /home/nathan/node_modules/___sqlite.npm/package/tests
silly asyncMap in gTP /home/nathan/node_modules/___sqlite.npm/package/tests/test-last-inserted-id.js
silly asyncMap in gTP /home/nathan/node_modules/___sqlite.npm/package/tests/test-statement-fetchall.js
silly asyncMap in gTP /home/nathan/node_modules/___sqlite.npm/package/tests/test-statement-step.js
silly asyncMap in gTP /home/nathan/node_modules/___sqlite.npm/package/tests/test-prepare.js
silly asyncMap in gTP /home/nathan/node_modules/___sqlite.npm/package/tests/test-bind-placeholders.js
silly asyncMap in gTP /home/nathan/node_modules/___sqlite.npm/package/tests/test-bind-strings.js
silly asyncMap in gTP /home/nathan/node_modules/___sqlite.npm/package/tests/test-affected-rows.js
silly asyncMap in gTP /home/nathan/node_modules/___sqlite.npm/package/tests/old
silly asyncMap in gTP /home/nathan/node_modules/___sqlite.npm/package/tests/old/speedtest2.js
silly asyncMap in gTP /home/nathan/node_modules/___sqlite.npm/package/tests/old/speedtest-low-parallel-binds.js
silly asyncMap in gTP /home/nathan/node_modules/___sqlite.npm/package/tests/old/speedtest.js
silly asyncMap in gTP /home/nathan/node_modules/___sqlite.npm/package/tests/old/speedtest-low-parallel.js
silly asyncMap in gTP /home/nathan/node_modules/___sqlite.npm/package/tests/old/speedtest.rb
silly asyncMap in gTP /home/nathan/node_modules/___sqlite.npm/package/tests/old/test2.js
silly asyncMap in gTP /home/nathan/node_modules/___sqlite.npm/package/tests/old/speedtest2.rb
silly asyncMap in gTP /home/nathan/node_modules/___sqlite.npm/package/tests/old/speedtest-low.js
silly asyncMap in gTP /home/nathan/node_modules/___sqlite.npm/package/tests/lib
silly asyncMap in gTP /home/nathan/node_modules/___sqlite.npm/package/tests/lib/common.js
verbose gunzed /home/nathan/node_modules/___sqlite.npm/package
verbose rm'ed /home/nathan/node_modules/sqlite
verbose renamed [ '/home/nathan/node_modules/___sqlite.npm/package',
verbose renamed   '/home/nathan/node_modules/sqlite' ]
verbose has wscript [ undefined,
verbose has wscript   { file: '/home/nathan/node_modules/sqlite/package.json',
verbose has wscript     contributors: false,
verbose has wscript     serverjs: false,
verbose has wscript     wscript: true } ]
verbose caching /home/nathan/node_modules/sqlite/package.json
verbose loadDefaults sqlite@1.0.4
info preinstall sqlite@1.0.4
verbose unsafe-perm in lifecycle true
silly exec sh "-c" "node-waf configure build"
silly spawning [ 'sh',
silly spawning   [ '-c', 'node-waf configure build' ],
silly spawning   '/home/nathan/node_modules/sqlite' ]
info sqlite@1.0.4 Failed to exec preinstall script
ERR! error installing sqlite@1.0.4
info unbuild /home/nathan/node_modules/sqlite
verbose from cache /home/nathan/node_modules/sqlite/package.json
info preuninstall sqlite@1.0.4
info uninstall sqlite@1.0.4
verbose unbuild sqlite@1.0.4 [ true,
verbose unbuild sqlite@1.0.4   '/home/nathan/node_modules',
verbose unbuild sqlite@1.0.4   '/home/nathan/node_modules' ]
info postuninstall sqlite@1.0.4
verbose installOne cb sqlite@1.0.4
ERR! sqlite@1.0.4 preinstall: `node-waf configure build`
ERR! `sh "-c" "node-waf configure build"` failed with 1
ERR! 
ERR! Failed at the sqlite@1.0.4 preinstall script.
ERR! This is most likely a problem with the sqlite package,
ERR! not with npm itself.
ERR! Tell the author that this fails on your system:
ERR!     node-waf configure build
ERR! You can get their info via:
ERR!     npm owner ls sqlite
ERR! There is likely additional logging output above.
ERR! 
ERR! System Linux 3.2.0-23-generic
ERR! command "node" "/usr/bin/npm" "install" "sqlite"
ERR! cwd /home/nathan/webdev/learnnodethetrollway/db
ERR! node -v v0.6.12
ERR! npm -v 1.1.4
ERR! code ELIFECYCLE
ERR! message sqlite@1.0.4 preinstall: `node-waf configure build`
ERR! message `sh "-c" "node-waf configure build"` failed with 1
ERR! errno {}
verbose exit [ 1, true ]
